[Mon Sep 19 09:04:01 2011] [info] Server listening (http://*:3000)
[Mon Sep 19 09:04:44 2011] [debug] Your secret passphrase needs to be changed!!!
[Mon Sep 19 09:04:44 2011] [debug] GET /letter/%D0%98 (Mozilla/5.0 (X11; FreeBSD i386; rv:6.0.2) Gecko/20100101 Firefox/6.0.2).
[Mon Sep 19 09:04:44 2011] [debug] Template "not_found.development.html.ep" not found.
[Mon Sep 19 09:04:44 2011] [debug] Template "not_found.html.ep" not found.
[Mon Sep 19 09:04:44 2011] [debug] Rendering inline template.
[Mon Sep 19 09:04:44 2011] [debug] 404 Not Found (0.046065s, 21.708/s).
[Mon Sep 19 09:11:33 2011] [debug] Your secret passphrase needs to be changed!!!
[Mon Sep 19 09:11:33 2011] [debug] GET / (Mozilla/5.0 (X11; FreeBSD i386; rv:6.0.2) Gecko/20100101 Firefox/6.0.2).
[Mon Sep 19 09:11:33 2011] [debug] Dispatching "FbM::Controller::Show->index".
[Mon Sep 19 09:11:33 2011] [debug] Rendering template "show/index.html.ep".
[Mon Sep 19 09:11:33 2011] [debug] Rendering template "layouts/default.html.ep".
[Mon Sep 19 09:11:33 2011] [debug] 200 OK (0.730751s, 1.368/s).
[Mon Sep 19 09:13:26 2011] [debug] GET / (Mozilla/5.0 (X11; FreeBSD i386; rv:6.0.2) Gecko/20100101 Firefox/6.0.2).
[Mon Sep 19 09:13:26 2011] [debug] Dispatching "FbM::Controller::Show->index".
[Mon Sep 19 09:13:26 2011] [debug] 200 OK (0.314998s, 3.175/s).
[Mon Sep 19 09:13:30 2011] [debug] GET / (Mozilla/5.0 (X11; FreeBSD i386; rv:6.0.2) Gecko/20100101 Firefox/6.0.2).
[Mon Sep 19 09:13:30 2011] [debug] Dispatching "FbM::Controller::Show->index".
[Mon Sep 19 09:13:30 2011] [debug] 200 OK (0.214729s, 4.657/s).
[Mon Sep 19 09:13:39 2011] [debug] Your secret passphrase needs to be changed!!!
[Mon Sep 19 09:13:39 2011] [debug] GET / (Mozilla/5.0 (X11; FreeBSD i386; rv:6.0.2) Gecko/20100101 Firefox/6.0.2).
[Mon Sep 19 09:13:39 2011] [debug] Dispatching "FbM::Controller::Show->index".
[Mon Sep 19 09:13:39 2011] [debug] Rendering template "show/index.html.ep".
[Mon Sep 19 09:13:39 2011] [debug] Rendering template "layouts/default.html.ep".
[Mon Sep 19 09:13:39 2011] [debug] 200 OK (0.482590s, 2.072/s).
[Mon Sep 19 09:13:41 2011] [debug] GET / (Mozilla/5.0 (X11; FreeBSD i386; rv:6.0.2) Gecko/20100101 Firefox/6.0.2).
[Mon Sep 19 09:13:41 2011] [debug] Dispatching "FbM::Controller::Show->index".
[Mon Sep 19 09:13:41 2011] [debug] 200 OK (0.205180s, 4.874/s).
[Mon Sep 19 09:22:33 2011] [debug] Your secret passphrase needs to be changed!!!
[Mon Sep 19 09:22:33 2011] [debug] GET / (Mozilla/5.0 (X11; FreeBSD i386; rv:6.0.2) Gecko/20100101 Firefox/6.0.2).
[Mon Sep 19 09:22:33 2011] [debug] Dispatching "FbM::Controller::Show->index".
[Mon Sep 19 09:22:33 2011] [error] Undefined subroutine &FbM::Model::Base::encode called at script/../lib/FbM/Model/Base.pm line 12.

[Mon Sep 19 09:22:33 2011] [error] Undefined subroutine &FbM::Model::Base::encode called at script/../lib/FbM/Model/Base.pm line 12.

[Mon Sep 19 09:22:33 2011] [debug] Template "exception.development.html.ep" not found.
[Mon Sep 19 09:22:33 2011] [debug] Template "exception.html.ep" not found.
[Mon Sep 19 09:22:33 2011] [debug] Rendering inline template.
[Mon Sep 19 09:22:33 2011] [debug] 500 Internal Server Error (0.630989s, 1.585/s).
[Mon Sep 19 09:22:33 2011] [error] Undefined subroutine &FbM::Model::Base::encode called at script/../lib/FbM/Model/Base.pm line 12.

[Mon Sep 19 09:23:06 2011] [debug] Your secret passphrase needs to be changed!!!
[Mon Sep 19 09:23:06 2011] [debug] GET / (Mozilla/5.0 (X11; FreeBSD i386; rv:6.0.2) Gecko/20100101 Firefox/6.0.2).
[Mon Sep 19 09:23:06 2011] [debug] Dispatching "FbM::Controller::Show->index".
[Mon Sep 19 09:23:06 2011] [debug] Rendering template "show/index.html.ep".
[Mon Sep 19 09:23:06 2011] [debug] Rendering template "layouts/default.html.ep".
[Mon Sep 19 09:23:06 2011] [debug] 200 OK (0.573946s, 1.742/s).
[Mon Sep 19 09:23:27 2011] [debug] Your secret passphrase needs to be changed!!!
[Mon Sep 19 09:23:27 2011] [debug] GET / (Mozilla/5.0 (X11; FreeBSD i386; rv:6.0.2) Gecko/20100101 Firefox/6.0.2).
[Mon Sep 19 09:23:27 2011] [debug] Dispatching "FbM::Controller::Show->index".
[Mon Sep 19 09:23:28 2011] [debug] Rendering template "show/index.html.ep".
[Mon Sep 19 09:23:28 2011] [debug] Rendering template "layouts/default.html.ep".
[Mon Sep 19 09:23:28 2011] [debug] 200 OK (0.460767s, 2.170/s).
[Mon Sep 19 09:23:30 2011] [debug] GET / (Mozilla/5.0 (X11; FreeBSD i386; rv:6.0.2) Gecko/20100101 Firefox/6.0.2).
[Mon Sep 19 09:23:30 2011] [debug] Dispatching "FbM::Controller::Show->index".
[Mon Sep 19 09:23:30 2011] [debug] 200 OK (0.214417s, 4.664/s).
[Mon Sep 19 09:23:33 2011] [debug] GET / (Mozilla/5.0 (X11; FreeBSD i386; rv:6.0.2) Gecko/20100101 Firefox/6.0.2).
[Mon Sep 19 09:23:33 2011] [debug] Dispatching "FbM::Controller::Show->index".
[Mon Sep 19 09:23:34 2011] [debug] 200 OK (0.222614s, 4.492/s).
[Mon Sep 19 09:24:27 2011] [debug] Your secret passphrase needs to be changed!!!
[Mon Sep 19 09:24:27 2011] [debug] GET / (Mozilla/5.0 (X11; FreeBSD i386; rv:6.0.2) Gecko/20100101 Firefox/6.0.2).
[Mon Sep 19 09:24:27 2011] [debug] Dispatching "FbM::Controller::Show->index".
[Mon Sep 19 09:24:27 2011] [debug] Rendering template "show/index.html.ep".
[Mon Sep 19 09:24:28 2011] [debug] Rendering template "layouts/default.html.ep".
[Mon Sep 19 09:24:28 2011] [debug] 200 OK (0.337839s, 2.960/s).
[Tue Sep 20 00:47:55 2011] [debug] Your secret passphrase needs to be changed!!!
[Tue Sep 20 00:47:55 2011] [debug] GET / (Opera/9.80 (X11; FreeBSD 8.2-STABLE i386; U; ru) Presto/2.9.168 Version/11.51).
[Tue Sep 20 00:47:55 2011] [debug] Dispatching "FbM::Controller::Show->index".
[Tue Sep 20 00:47:57 2011] [debug] Rendering template "show/index.html.ep".
[Tue Sep 20 00:47:58 2011] [debug] Rendering template "layouts/default.html.ep".
[Tue Sep 20 00:47:58 2011] [debug] 200 OK (2.717768s, 0.368/s).
[Tue Sep 20 00:48:00 2011] [debug] GET / (Opera/9.80 (X11; FreeBSD 8.2-STABLE i386; U; ru) Presto/2.9.168 Version/11.51).
[Tue Sep 20 00:48:00 2011] [debug] Dispatching "FbM::Controller::Show->index".
[Tue Sep 20 00:48:02 2011] [debug] 200 OK (2.742493s, 0.365/s).
[Tue Sep 20 00:49:30 2011] [debug] Your secret passphrase needs to be changed!!!
[Tue Sep 20 00:49:30 2011] [debug] GET / (Opera/9.80 (X11; FreeBSD 8.2-STABLE i386; U; ru) Presto/2.9.168 Version/11.51).
[Tue Sep 20 00:49:30 2011] [debug] Dispatching "FbM::Controller::Show->index".
[Tue Sep 20 00:49:32 2011] [debug] Rendering template "show/index.html.ep".
[Tue Sep 20 00:49:32 2011] [debug] Rendering template "layouts/default.html.ep".
[Tue Sep 20 00:49:32 2011] [debug] 200 OK (2.145334s, 0.466/s).
[Tue Sep 20 00:49:52 2011] [debug] Your secret passphrase needs to be changed!!!
[Tue Sep 20 00:49:52 2011] [debug] GET / (Opera/9.80 (X11; FreeBSD 8.2-STABLE i386; U; ru) Presto/2.9.168 Version/11.51).
[Tue Sep 20 00:49:52 2011] [debug] Dispatching "FbM::Controller::Show->index".
[Tue Sep 20 00:49:56 2011] [debug] Rendering template "show/index.html.ep".
[Tue Sep 20 00:49:56 2011] [debug] Rendering template "layouts/default.html.ep".
[Tue Sep 20 00:49:56 2011] [debug] 200 OK (4.220117s, 0.237/s).
[Tue Sep 20 00:56:31 2011] [debug] Your secret passphrase needs to be changed!!!
[Tue Sep 20 00:56:31 2011] [debug] GET / (Opera/9.80 (X11; FreeBSD 8.2-STABLE i386; U; ru) Presto/2.9.168 Version/11.51).
[Tue Sep 20 00:56:31 2011] [debug] Dispatching "FbM::Controller::Show->index".
[Tue Sep 20 00:56:36 2011] [debug] Rendering template "show/index.html.ep".
[Tue Sep 20 00:56:36 2011] [debug] Rendering template "layouts/default.html.ep".
[Tue Sep 20 00:56:36 2011] [debug] 200 OK (5.030690s, 0.199/s).
[Tue Sep 20 00:57:56 2011] [debug] Your secret passphrase needs to be changed!!!
[Tue Sep 20 00:57:56 2011] [debug] GET / (Opera/9.80 (X11; FreeBSD 8.2-STABLE i386; U; ru) Presto/2.9.168 Version/11.51).
[Tue Sep 20 00:57:56 2011] [debug] Dispatching "FbM::Controller::Show->index".
[Tue Sep 20 00:58:00 2011] [debug] Rendering template "show/index.html.ep".
[Tue Sep 20 00:58:00 2011] [error] syntax error at (eval 267) line 19, near "} $_"
syntax error at (eval 267) line 19, near "} $_"
Global symbol "$_M" requires explicit package name at (eval 267) line 19.
syntax error at (eval 267) line 20, near ";
}"
Global symbol "$_M" requires explicit package name at (eval 267) line 21.
Global symbol "$_M" requires explicit package name at (eval 267) line 22.
Global symbol "$_M" requires explicit package name at (eval 267) line 23.
Global symbol "$_M" requires explicit package name at (eval 267) line 24.
Global symbol "$_M" requires explicit package name at (eval 267) line 24.
syntax error at (eval 267) line 24, near "; }"
(eval 267) has too many errors.

[Tue Sep 20 00:58:00 2011] [debug] Template "exception.development.html.ep" not found.
[Tue Sep 20 00:58:00 2011] [debug] Template "exception.html.ep" not found.
[Tue Sep 20 00:58:00 2011] [debug] Rendering inline template.
[Tue Sep 20 00:58:05 2011] [debug] 500 Internal Server Error (8.776343s, 0.114/s).
[Tue Sep 20 00:59:31 2011] [debug] Your secret passphrase needs to be changed!!!
[Tue Sep 20 00:59:31 2011] [debug] GET / (Opera/9.80 (X11; FreeBSD 8.2-STABLE i386; U; ru) Presto/2.9.168 Version/11.51).
[Tue Sep 20 00:59:31 2011] [debug] Dispatching "FbM::Controller::Show->index".
[Tue Sep 20 00:59:34 2011] [debug] Rendering template "show/index.html.ep".
[Tue Sep 20 00:59:34 2011] [error] syntax error at (eval 267) line 19, near "} $_"
syntax error at (eval 267) line 19, near "} $_"
Global symbol "$_M" requires explicit package name at (eval 267) line 19.
syntax error at (eval 267) line 20, near ";
}"
Global symbol "$_M" requires explicit package name at (eval 267) line 21.
Global symbol "$_M" requires explicit package name at (eval 267) line 22.
Global symbol "$_M" requires explicit package name at (eval 267) line 23.
Global symbol "$_M" requires explicit package name at (eval 267) line 24.
Global symbol "$_M" requires explicit package name at (eval 267) line 24.
syntax error at (eval 267) line 24, near "; }"
(eval 267) has too many errors.

[Tue Sep 20 00:59:34 2011] [debug] Template "exception.development.html.ep" not found.
[Tue Sep 20 00:59:34 2011] [debug] Template "exception.html.ep" not found.
[Tue Sep 20 00:59:34 2011] [debug] Rendering inline template.
[Tue Sep 20 00:59:38 2011] [debug] 500 Internal Server Error (6.935943s, 0.144/s).
[Tue Sep 20 01:00:30 2011] [debug] Your secret passphrase needs to be changed!!!
[Tue Sep 20 01:00:30 2011] [debug] GET / (Opera/9.80 (X11; FreeBSD 8.2-STABLE i386; U; ru) Presto/2.9.168 Version/11.51).
[Tue Sep 20 01:00:30 2011] [debug] Dispatching "FbM::Controller::Show->index".
[Tue Sep 20 01:00:33 2011] [debug] Rendering template "show/index.html.ep".
[Tue Sep 20 01:00:33 2011] [error] syntax error at (eval 267) line 19, near "} $_"
syntax error at (eval 267) line 19, near "} $_"
Global symbol "$_M" requires explicit package name at (eval 267) line 19.
syntax error at (eval 267) line 20, near ";
}"
Global symbol "$_M" requires explicit package name at (eval 267) line 21.
Global symbol "$_M" requires explicit package name at (eval 267) line 22.
Global symbol "$_M" requires explicit package name at (eval 267) line 23.
Global symbol "$_M" requires explicit package name at (eval 267) line 24.
Global symbol "$_M" requires explicit package name at (eval 267) line 24.
syntax error at (eval 267) line 24, near "; }"
(eval 267) has too many errors.

[Tue Sep 20 01:00:33 2011] [debug] Template "exception.development.html.ep" not found.
[Tue Sep 20 01:00:33 2011] [debug] Template "exception.html.ep" not found.
[Tue Sep 20 01:00:33 2011] [debug] Rendering inline template.
[Tue Sep 20 01:00:36 2011] [debug] 500 Internal Server Error (5.435491s, 0.184/s).
[Tue Sep 20 01:01:22 2011] [debug] Your secret passphrase needs to be changed!!!
[Tue Sep 20 01:01:22 2011] [debug] GET / (Opera/9.80 (X11; FreeBSD 8.2-STABLE i386; U; ru) Presto/2.9.168 Version/11.51).
[Tue Sep 20 01:01:22 2011] [debug] Dispatching "FbM::Controller::Show->index".
[Tue Sep 20 01:01:26 2011] [debug] Rendering template "show/index.html.ep".
[Tue Sep 20 01:01:26 2011] [error] syntax error at template "show/index.html.ep" line 19, near "%}".
syntax error at template "show/index.html.ep" line 19, near "%}".
syntax error at template "show/index.html.ep" line 21, near "<form action="fb.fcgi" method = "POST">".
$_M "
Global symbol "$_M" requires explicit package name at template "show/index.html.ep" line 21, near "<form action="fb.fcgi" method = "POST">".
Global symbol "$_M" requires explicit package name at template "show/index.html.ep" line 22, near "  <input type="submit" name="NEW"  value = "Создать"/>".
Global symbol "$_M" requires explicit package name at template "show/index.html.ep" line 23, near "</form>".
Global symbol "$_M" requires explicit package name at template "show/index.html.ep" line 24.
Global symbol "$_M" requires explicit package name at template "show/index.html.ep" line 24.
syntax error at template "show/index.html.ep" line 24.
14:   </p>
15:   <input type="submit" name="SEARCH"  value = "Поиск"/>
16: </form>
17: <hr>
18: %for (@$LIST) {
19: <%=$_->{ID} $_->{F} $_->{N} $_->{P}%> <br>
20: %}
21: <hr>
22: <form action="fb.fcgi" method = "POST">
23:   <input type="submit" name="NEW"  value = "Создать"/>
24: </form>

[Tue Sep 20 01:01:26 2011] [debug] Template "exception.development.html.ep" not found.
[Tue Sep 20 01:01:26 2011] [debug] Template "exception.html.ep" not found.
[Tue Sep 20 01:01:26 2011] [debug] Rendering inline template.
[Tue Sep 20 01:01:29 2011] [debug] 500 Internal Server Error (6.761131s, 0.148/s).
[Tue Sep 20 01:02:30 2011] [debug] Your secret passphrase needs to be changed!!!
[Tue Sep 20 01:02:30 2011] [debug] GET / (Opera/9.80 (X11; FreeBSD 8.2-STABLE i386; U; ru) Presto/2.9.168 Version/11.51).
[Tue Sep 20 01:02:30 2011] [debug] Dispatching "FbM::Controller::Show->index".
[Tue Sep 20 01:02:35 2011] [debug] Rendering template "show/index.html.ep".
[Tue Sep 20 01:02:35 2011] [error] syntax error at template "show/index.html.ep" line 19, near "%}".
syntax error at template "show/index.html.ep" line 19, near "%}".
syntax error at template "show/index.html.ep" line 21, near "<form action="fb.fcgi" method = "POST">".
$_M "
Global symbol "$_M" requires explicit package name at template "show/index.html.ep" line 21, near "<form action="fb.fcgi" method = "POST">".
Global symbol "$_M" requires explicit package name at template "show/index.html.ep" line 22, near "  <input type="submit" name="NEW"  value = "Создать"/>".
Global symbol "$_M" requires explicit package name at template "show/index.html.ep" line 23, near "</form>".
Global symbol "$_M" requires explicit package name at template "show/index.html.ep" line 24.
Global symbol "$_M" requires explicit package name at template "show/index.html.ep" line 24.
syntax error at template "show/index.html.ep" line 24.
14:   </p>
15:   <input type="submit" name="SEARCH"  value = "Поиск"/>
16: </form>
17: <hr>
18: %for (@$LIST) {
19: <%=$_->{ID} $_->{F} $_->{N} $_->{P} %> <br>
20: %}
21: <hr>
22: <form action="fb.fcgi" method = "POST">
23:   <input type="submit" name="NEW"  value = "Создать"/>
24: </form>

[Tue Sep 20 01:02:35 2011] [debug] Template "exception.development.html.ep" not found.
[Tue Sep 20 01:02:35 2011] [debug] Template "exception.html.ep" not found.
[Tue Sep 20 01:02:35 2011] [debug] Rendering inline template.
[Tue Sep 20 01:02:37 2011] [debug] 500 Internal Server Error (7.013368s, 0.143/s).
[Tue Sep 20 01:03:08 2011] [debug] Your secret passphrase needs to be changed!!!
[Tue Sep 20 01:03:08 2011] [debug] GET / (Opera/9.80 (X11; FreeBSD 8.2-STABLE i386; U; ru) Presto/2.9.168 Version/11.51).
[Tue Sep 20 01:03:08 2011] [debug] Dispatching "FbM::Controller::Show->index".
[Tue Sep 20 01:03:13 2011] [debug] Rendering template "show/index.html.ep".
[Tue Sep 20 01:03:13 2011] [debug] Rendering template "layouts/default.html.ep".
[Tue Sep 20 01:03:13 2011] [debug] 200 OK (4.890555s, 0.204/s).
[Tue Sep 20 01:04:25 2011] [debug] Your secret passphrase needs to be changed!!!
[Tue Sep 20 01:04:25 2011] [debug] GET / (Opera/9.80 (X11; FreeBSD 8.2-STABLE i386; U; ru) Presto/2.9.168 Version/11.51).
[Tue Sep 20 01:04:25 2011] [debug] Dispatching "FbM::Controller::Show->index".
[Tue Sep 20 01:04:29 2011] [debug] Rendering template "show/index.html.ep".
[Tue Sep 20 01:04:30 2011] [debug] Rendering template "layouts/default.html.ep".
[Tue Sep 20 01:04:30 2011] [debug] 200 OK (4.718253s, 0.212/s).
[Tue Sep 20 01:04:56 2011] [debug] Your secret passphrase needs to be changed!!!
[Tue Sep 20 01:04:56 2011] [debug] GET / (Opera/9.80 (X11; FreeBSD 8.2-STABLE i386; U; ru) Presto/2.9.168 Version/11.51).
[Tue Sep 20 01:04:56 2011] [debug] Dispatching "FbM::Controller::Show->index".
[Tue Sep 20 01:05:01 2011] [debug] Rendering template "show/index.html.ep".
[Tue Sep 20 01:05:01 2011] [error] syntax error at template "show/index.html.ep" line 19, near "%}".
syntax error at template "show/index.html.ep" line 21, near "<form action="fb.fcgi" method = "POST">".
$_M "
syntax error at template "show/index.html.ep" line 24.
14:   </p>
15:   <input type="submit" name="SEARCH"  value = "Поиск"/>
16: </form>
17: <hr>
18: %for (@$LIST) {
19: <%= $_->{ID} $_->{F}%><br>
20: %}
21: <hr>
22: <form action="fb.fcgi" method = "POST">
23:   <input type="submit" name="NEW"  value = "Создать"/>
24: </form>

[Tue Sep 20 01:05:01 2011] [debug] Template "exception.development.html.ep" not found.
[Tue Sep 20 01:05:01 2011] [debug] Template "exception.html.ep" not found.
[Tue Sep 20 01:05:01 2011] [debug] Rendering inline template.
[Tue Sep 20 01:05:05 2011] [debug] 500 Internal Server Error (9.511737s, 0.105/s).
[Tue Sep 20 01:05:39 2011] [debug] Your secret passphrase needs to be changed!!!
[Tue Sep 20 01:05:39 2011] [debug] GET / (Opera/9.80 (X11; FreeBSD 8.2-STABLE i386; U; ru) Presto/2.9.168 Version/11.51).
[Tue Sep 20 01:05:39 2011] [debug] Dispatching "FbM::Controller::Show->index".
[Tue Sep 20 01:05:44 2011] [debug] Rendering template "show/index.html.ep".
[Tue Sep 20 01:05:44 2011] [debug] Rendering template "layouts/default.html.ep".
[Tue Sep 20 01:05:44 2011] [debug] 200 OK (4.930161s, 0.203/s).
